18301143 余福的工作完成情况以及计划：

2020.06.30 上午
    完成了python、pycharm、java环境搭建工作。对github的使用有了一点点认识，在github通过它的桌面版来commit，这样就可以
更新自己的日志文件，也为以后的工作合作奠定了基础。这个可能会出现一下操作就把之前的文件全部覆盖了，所以我要小心，以免出现
类似的情况
2020.06.30 下午
   今天下午进度有点慢，在配置spark和hadoop上花了好些时间。本来，上午就下载完spark和hadoop了,也是按照老师发的文件的步骤
把他们解压到了D盘，环境变量改根据文件目录改了添加，之后对于文件里面说的windows版本的用户需要额外的hadoop的问题，我用
组员的发压缩包，换了里面的bin和etc的。之后在cmd里验证，结果出现了问题“【cmd】不是什么命令什么的”，之后以为是环境变量
出现问题，重新设置了一遍结果毫无作用，之后开始仔细的从文件开头来。还是没有用，之后和组员讨论，上网查了半天，结果一个有类
似问题的组员，他查到在环境变量path里面加c:\windows\system32的环境变量才可以解决。网上看了。c:\windows\system32是操作系
统的神经中枢，文件夹中包含了大量的用于Windows操作系统的文件，这里主要用于存储 DLL 文件，控制面板小程序(.CPL), 设备驱动 (.drv),
 帮助文件 (.hlp 和 .cnt), MS-DOS 工具 (.com), 语言支持文件 (.nls),屏幕保护 (.scr), 安装信息文件 (.inf), 以及其它用于支持,配置,或操作的文件。
感觉有些高级，之后问题就这样解决了。接下来还在做了任务7,成功跟新pip,之前更新不了是网络连接超时，网上查了换了语句就ok了。还下载了pandas.

2020.7.1
  今天上午下载昨天的pip未下载数据包，之前直接pip install经常失败，所以弄了一个翻墙软件翻墙下，结果下载还是速度速度感人。所以这时候就搜索了
一下，用国内的镜像下载，速度直接起飞。之后开始弄虚拟机和spark的集群工作，虚拟机按照文件的步骤下载，结果还是速度慢。安装也有问题，和组员讨论，
他们问题好像也不小。讨论之下，虚拟机好像暂时不安装和匹配。之后和组长分配让我和一个组员看看和python java相关的任务。
  下午，完成spark的集群工作，之后我开始看看和python java相关的任务。文件里写的ARIMA模型和时间序列的好像也与python有关系，但是这个好像是
组长他们在研究，我看看文件中的关于创建python处理类的那个，关于python的读写操作什么的，查了一些资料，有代码的不太懂，所以决定先学习有关
python的基础语法知识。

2020.7.2
  今天，继续学习python的一些知识，之后感觉对这个项目的具体实现与联系还是不懂，感觉是搭建好了平台，不太知道怎么样入手，下午的时候听了老师的讲解，
感觉还是有了一些理解。多读文件吧，配置eclipse环境下的springmvc项目和tomcat。

2020.7.3
  今天flask配置了flask，在pycharm中新建了一个和flask有关的文件，来尝试网页。了解部分springMVC的原理和实现。我看组长他们好像已经ARIMA和ARMA模型
的研究，我尝试在我的本地运行代码。
20207.4
 学习Java和python的对接
