18301135 宋廷泽的工作完成情况以及计划：

2020.06.30 上午
今天上午完成了python，pycharm，java,spark,hadoop的下载以及环境配置，基本完成了前五个任务，
但是hadoop下载出现问题，未找到hadoop2.6-bin.rar文件，导致安装不成功，希望可以尽快解决该问题。
同时今上午更加熟悉了github中commit的操作，可以熟练添加修改删除文件。

2020.06.30 下午
今天下午一直在解决pyspark运行不成功的问题，无论是在网上搜索解决办法，修改环境变量，还是重新下载，都没有将问题解决。
于是我决定先放下这个问题，先完成任务7，安装数据分析相关的依赖包，完成后任务7后，和组员一起商量pyspark不能运行的问题。
由于尝试了很多方法都没有成功，很着急，希望今天可以解决。

2020.07.01 上午
今天上午先尝试了虚拟机的安装，但是由于电脑空间不足，外加队友讨论，进行分工，决定暂时放弃虚拟机的安装和配置。
之后根据队长下载下来的数据，和队友一起讨论了任务10在spark中进行数据清洗，然后进行了分工，
我和队长主要进行任务11，12 学习ARIMA模型部分。

2020.07.01 下午
今天下午接着上午的学习，搜集关于ARIMA模型的资料，了解ARIMA模型的流程和相关概念，
并绘制出了原数据的时序图，但是在绘制相关性图时，遇到编译错误，还未成功。主要对python语言还不是很了解，还要进行python语法的学习。
在运行绘制时序图时，也遇到了编译错误，主要是部分库还未下载，还有路径问题，后来都已解决。

2020.07.02 上午
今天上午解决了昨天遗留的问题，成功绘制出气温最大值和最小值的自相关图和偏相关图，以及一次差分后的自相关图和偏相关图。
同时检测了差分前后的平稳性检验。下午将继续研究ARIMA模型，获取系数的值。

2020.07.02 下午
今天下午在求ARIMA模型中的p,q系数时，遇到了error：reduction operation 'argmin' not allowed for this dtype
经过搜索才知道是数据类型错误，加上astype('float64')后成功解决问题，获得p q系数值，建立ARIMA模型，
之后我的主要任务为完善ARIMA模型。

2020.07.03
今天将ARIMA模型得到完善，并且完成了任务十二：建立基于时间序列的数据模型，同时进行了任务十三：创建python处理类
并且测试成功，生成最大气温和最小气温的预测图，现在计划深入了解，探寻更多预测的方法，以求将预测更加准确。

2020.07.04
今天又尝试了别的ARIMA模型的代码，创建python处理类，并且进行了测试，目前测试还未成功，我打算运行成功这个模型，
然后将该模型与之前创建的模型进行对比，看两个模型的预测结果哪个效果更好，之后再测试大量数据的预测结果的效果，
选择效果更好的模型作为我们项目的预测模型。
明天，我会先将模型运行成功，然后测试，与之前模型进行对比，然后研究任务十四：json数据结构处理，准备和研究前端的同学
进行拼接。

2020.07.05
今天解决模型建立不成功的问题，显示发现缺少库pyramid，然后pip install pyramid，经过一段时间安装成功
然后运行再次报错，发现缺少库pyramid.arima，于是就pip install pyramid.arima，可是发现总是无法下载，报错异常
但是模型可以画出最大最低气温的曲线图，但无法获得准确的预测数据，而且还只是每年6.28的数据，还没进行大量数据的测试。
我今天计划争取将模型建立，并且完成python处理类。

2020.07.06
经历了一天的摸索，我终于解决了困扰，我终于将pyramid.arima成功下载，该包主要负责预测，具体历程就是：
昨天pip install pyramid.arima下载一天都没有成功，今天经过搜索资料，才发现，最新的包更改了名字，改为pmdarima
于是我便pip install pmdarima,但是仍然下载不成功，显示pip版本较老，于是又更新了pip，但是由于网络不佳，一直都下载不成功
后来挂了梯子，尝试几次终于更新成功，但仍然无法下载pmdarima,显示显示scipy版本较老,于是又更新了scipy版本，最后
在尝试无数次之后，终于将pymarima下载成功，模型成功运行，得到预测结果，模型建立成功。
虽然中间踩了很多坑，但最后结果成功，非常欣慰。
最新model3,我已经上传到我的分支。