18301138 吴介豪的工作完成情况以及计划：
	完成任务2 windows python3.8的环境配置
	完成任务3 windows PyCharm2020.1.2 的安装
	完成任务5:配置spark和hadoop在pycharm上的部署
	完成任务7：配置python相关依赖包
	完成任务8:vmware workstation 15的安装和虚拟机ubuntu的部署
	遇到的主要问题:
	在进行任务5时，配置spark遇到了很多问题，由于对于环境变量bin目录的理解
	不到位导致耗费了很多时间，最后查阅资料发现是java对应版本的不合适，
	在卸载旧版本后完成了spark的配置。
2020.06.30 更新于下午

18301138 吴介豪的工作完成情况以及计划：
	完成任务10:spark数据清洗
	进行中:了解python和时序模型，ARIMA模型，
	根据资料对ARIMA模型进行python代码实现，还没完成。
2020.07.01 

18301138 吴介豪的工作完成情况以及计划：
	配置eclipse环境下的springmvc项目，
	同时安装配置了tomcat，
	了解了部分springMVC的原理和实现，写了一个简单demo。
	遇到问题:
	在eclipse配置tomcat时发现没有server选项，查阅资料发现是
	eclipse版本问题，通过“Kepler” repository - http://download.eclipse.org/releases/kepler
	重新配置后解决了这一问题。
2020.07.02

18301138 吴介豪的工作完成情况以及计划：
	完成了eclipse和mysql数据库的连接，进一步了解sprintmvc的控制器相关原理，计划进一步
	登陆与后端的相关设计。
2020.07.03


18301138 吴介豪的工作完成情况以及计划：
	完成了login登陆的功能和界面实现,在踩了很多坑之后能够
	完整运行springmvc项目，了解了websocket的相关原理和实现，
	但还没能实现连接和信息传输。
2020.07.05

18301138 吴介豪的工作完成情况以及计划：
	设计了相关角色登陆和管理的界面设计，了解flask和websocket
	相关的连接和实现。
2020.07.06


18301138 吴介豪的工作完成情况以及计划：
	ajax前后端交互 以及地区选择相关界面的实现
2020.07.07


18301138 吴介豪的工作完成情况以及计划：
	完成了springmvc的数据前后端交互，可以选择地区，日期等，
	并且联合了java socket连接python服务器程序的部分，完成了
	根据地区以及日期生成后7天的气温的预测结果并返回到前端页面。
2020.07.08

18301138 吴介豪的工作完成情况以及计划：
	完成了用户查询界面，根据预测结果绘图，同时支持用户
	通过echart绘制了图形化的中国地图选择城市并查询对应
	日期的气温预测结果，同时将目前是否支持城市数据查询
	通过颜色表示出，目前界面的美化还在进行中。
2020.07.09